<?xml version="1.0" encoding="UTF-8"?>
<testng-results skipped="0" failed="0" total="2" passed="2">
  <suite name="MyTestSuite" duration-ms="150" started-at="2025-10-18T19:30:00Z" finished-at="2025-10-18T19:30:00Z">
    <groups>
    </groups>
    <test name="MyTest" duration-ms="150" started-at="2025-10-18T19:30:00Z" finished-at="2025-10-18T19:30:00Z">
      <class name="com.example.MyTestClass">
        <test-method status="PASS" signature="testMethodOne()" name="testMethodOne" duration-ms="50" started-at="2025-10-18T19:30:00Z" finished-at="2025-10-18T19:30:00Z">
        </test-method>
        <test-method status="PASS" signature="testMethodTwo()" name="testMethodTwo" duration-ms="100" started-at="2025-10-18T19:30:00Z" finished-at="2025-10-18T19:30:00Z">
        </test-method>
      </class>
    </test>
  </suite> 
</testng-results>
